[16:55:04] [main/INFO] [LaunchWrapper]: Loading tweak class name cpw.mods.fml.common.launcher.FMLTweaker
[16:55:04] [main/INFO] [LaunchWrapper]: Using primary tweak class name cpw.mods.fml.common.launcher.FMLTweaker
[16:55:04] [main/INFO] [LaunchWrapper]: Calling tweak class cpw.mods.fml.common.launcher.FMLTweaker
[17:06:27] [main/INFO] [LaunchWrapper]: Loading tweak class name cpw.mods.fml.common.launcher.FMLTweaker
[17:06:27] [main/INFO] [LaunchWrapper]: Using primary tweak class name cpw.mods.fml.common.launcher.FMLTweaker
[17:06:27] [main/INFO] [LaunchWrapper]: Calling tweak class cpw.mods.fml.common.launcher.FMLTweaker
[17:10:06] [main/INFO] [LaunchWrapper]: Loading tweak class name cpw.mods.fml.common.launcher.FMLTweaker
[17:10:06] [main/INFO] [LaunchWrapper]: Using primary tweak class name cpw.mods.fml.common.launcher.FMLTweaker
[17:10:06] [main/INFO] [LaunchWrapper]: Calling tweak class cpw.mods.fml.common.launcher.FMLTweaker
[17:35:54] [main/INFO] [LaunchWrapper]: Loading tweak class name cpw.mods.fml.common.launcher.FMLTweaker
[17:35:54] [main/INFO] [LaunchWrapper]: Using primary tweak class name cpw.mods.fml.common.launcher.FMLTweaker
[17:35:54] [main/INFO] [LaunchWrapper]: Calling tweak class cpw.mods.fml.common.launcher.FMLTweaker
[21:46:38] [main/INFO] [LaunchWrapper]: Loading tweak class name cpw.mods.fml.common.launcher.FMLTweaker
[21:46:38] [main/INFO] [LaunchWrapper]: Using primary tweak class name cpw.mods.fml.common.launcher.FMLTweaker
[21:46:38] [main/INFO] [LaunchWrapper]: Calling tweak class cpw.mods.fml.common.launcher.FMLTweaker
[21:48:42] [main/INFO] [LaunchWrapper]: Loading tweak class name cpw.mods.fml.common.launcher.FMLTweaker
[21:48:42] [main/INFO] [LaunchWrapper]: Using primary tweak class name cpw.mods.fml.common.launcher.FMLTweaker
[21:48:42] [main/INFO] [LaunchWrapper]: Calling tweak class cpw.mods.fml.common.launcher.FMLTweaker
[21:52:21] [main/INFO] [LaunchWrapper]: Loading tweak class name cpw.mods.fml.common.launcher.FMLTweaker
[21:52:21] [main/INFO] [LaunchWrapper]: Using primary tweak class name cpw.mods.fml.common.launcher.FMLTweaker
[21:52:21] [main/INFO] [LaunchWrapper]: Calling tweak class cpw.mods.fml.common.launcher.FMLTweaker
[22:16:42] [main/INFO] [LaunchWrapper]: Loading tweak class name cpw.mods.fml.common.launcher.FMLTweaker
[22:16:42] [main/INFO] [LaunchWrapper]: Using primary tweak class name cpw.mods.fml.common.launcher.FMLTweaker
[22:16:42] [main/INFO] [LaunchWrapper]: Calling tweak class cpw.mods.fml.common.launcher.FMLTweaker
[23:09:24] [main/INFO] [LaunchWrapper]: Loading tweak class name cpw.mods.fml.common.launcher.FMLTweaker
[23:09:24] [main/INFO] [LaunchWrapper]: Using primary tweak class name cpw.mods.fml.common.launcher.FMLTweaker
[23:09:24] [main/INFO] [LaunchWrapper]: Calling tweak class cpw.mods.fml.common.launcher.FMLTweaker
[23:32:09] [main/INFO] [LaunchWrapper]: Loading tweak class name cpw.mods.fml.common.launcher.FMLTweaker
[23:32:09] [main/INFO] [LaunchWrapper]: Using primary tweak class name cpw.mods.fml.common.launcher.FMLTweaker
[23:32:09] [main/INFO] [LaunchWrapper]: Calling tweak class cpw.mods.fml.common.launcher.FMLTweaker
[23:35:18] [main/INFO] [LaunchWrapper]: Loading tweak class name cpw.mods.fml.common.launcher.FMLTweaker
[23:35:18] [main/INFO] [LaunchWrapper]: Using primary tweak class name cpw.mods.fml.common.launcher.FMLTweaker
[23:35:18] [main/INFO] [LaunchWrapper]: Calling tweak class cpw.mods.fml.common.launcher.FMLTweaker
[23:39:42] [main/INFO] [LaunchWrapper]: Loading tweak class name cpw.mods.fml.common.launcher.FMLTweaker
[23:39:43] [main/INFO] [LaunchWrapper]: Using primary tweak class name cpw.mods.fml.common.launcher.FMLTweaker
[23:39:43] [main/INFO] [LaunchWrapper]: Calling tweak class cpw.mods.fml.common.launcher.FMLTweaker
[18:48:22] [main/INFO] [LaunchWrapper]: Loading tweak class name cpw.mods.fml.common.launcher.FMLTweaker
[18:48:22] [main/INFO] [LaunchWrapper]: Using primary tweak class name cpw.mods.fml.common.launcher.FMLTweaker
[18:48:22] [main/INFO] [LaunchWrapper]: Calling tweak class cpw.mods.fml.common.launcher.FMLTweaker
[20:19:09] [main/INFO] [LaunchWrapper]: Loading tweak class name cpw.mods.fml.common.launcher.FMLTweaker
[20:19:09] [main/INFO] [LaunchWrapper]: Using primary tweak class name cpw.mods.fml.common.launcher.FMLTweaker
[20:19:09] [main/INFO] [LaunchWrapper]: Calling tweak class cpw.mods.fml.common.launcher.FMLTweaker
[20:20:54] [main/INFO] [LaunchWrapper]: Loading tweak class name cpw.mods.fml.common.launcher.FMLTweaker
[20:20:54] [main/INFO] [LaunchWrapper]: Using primary tweak class name cpw.mods.fml.common.launcher.FMLTweaker
[20:20:54] [main/INFO] [LaunchWrapper]: Calling tweak class cpw.mods.fml.common.launcher.FMLTweaker
[20:23:29] [ForkJoinPool.commonPool-worker-0/DEBUG] [NotEnoughItems]: Loaded net.bdew.generators.nei.NEIGeneratorsConfig
[20:23:29] [ForkJoinPool.commonPool-worker-7/DEBUG] [NotEnoughItems]: Loaded codechicken.enderstorage.internal.NEIEnderStorageConfig
[20:23:29] [ForkJoinPool.commonPool-worker-5/INFO] [OpenMods]: openblocks.NEIOpenBlocksConfig.loadConfig(NEIOpenBlocksConfig.java:40): OpenBlocks NEI Integration loaded successfully
[20:23:29] [ForkJoinPool.commonPool-worker-5/DEBUG] [NotEnoughItems]: Loaded openblocks.NEIOpenBlocksConfig
[20:23:29] [ForkJoinPool.commonPool-worker-5/INFO] [NotEnoughEnergistics]: -----Not Enough Energistics Init Start-----
[20:23:29] [ForkJoinPool.commonPool-worker-5/INFO] [NotEnoughEnergistics]: Install Vanilla Support
[20:23:29] [ForkJoinPool.commonPool-worker-7/DEBUG] [NotEnoughItems]: Loaded net.bdew.ae2stuff.nei.NEI_AE2Stuff_Config
[20:23:29] [ForkJoinPool.commonPool-worker-5/INFO] [NotEnoughEnergistics]: Found Applied Energistics 2,install Applied Energistics 2 support
[20:23:29] [ForkJoinPool.commonPool-worker-5/INFO] [NotEnoughEnergistics]: Found Botania,install Botania support
[20:23:29] [ForkJoinPool.commonPool-worker-5/INFO] [NotEnoughEnergistics]: Found IC2,install IC2 Support
[20:23:29] [ForkJoinPool.commonPool-worker-1/DEBUG] [NotEnoughItems]: Loaded tconstruct.plugins.nei.NEITConstructConfig
[20:23:29] [ForkJoinPool.commonPool-worker-5/INFO] [NotEnoughEnergistics]: Found Avaritia, install Avaritia support
[20:23:29] [ForkJoinPool.commonPool-worker-6/DEBUG] [NotEnoughItems]: Loaded com.emoniph.witchery.integration.NEIWitcheryConfig
[20:23:29] [ForkJoinPool.commonPool-worker-6/DEBUG] [NotEnoughItems]: Loaded unwrittenfun.minecraft.immersiveintegration.nei.NEIImmersiveIntegrationConfig
[20:23:29] [ForkJoinPool.commonPool-worker-4/DEBUG] [NotEnoughItems]: Loaded crazypants.enderio.nei.NEIEnderIOConfig
[20:23:29] [ForkJoinPool.commonPool-worker-1/DEBUG] [NotEnoughItems]: Loaded cofh.plugins.nei.NEICoFHConfig
[20:23:29] [ForkJoinPool.commonPool-worker-1/DEBUG] [NotEnoughItems]: Loaded codechicken.multipart.nei.NEI_MicroblockConfig
[20:23:29] [ForkJoinPool.commonPool-worker-5/INFO] [NotEnoughEnergistics]: Found EnderIO, install EnderIO support
[20:23:29] [ForkJoinPool.commonPool-worker-5/INFO] [NotEnoughEnergistics]: Found Forestry, install Forestry support
[20:23:29] [ForkJoinPool.commonPool-worker-5/INFO] [NotEnoughEnergistics]: Found TCNEIPlugin, install TCNEIPlugin support
[20:23:29] [ForkJoinPool.commonPool-worker-7/INFO] [Draconic Evolution]: Added NEI integration
[20:23:29] [ForkJoinPool.commonPool-worker-7/DEBUG] [NotEnoughItems]: Loaded com.brandon3055.draconicevolution.integration.nei.NEIDraconicevolutionConfig
[20:23:29] [ForkJoinPool.commonPool-worker-5/INFO] [NotEnoughEnergistics]: Found ImmersiveEngineering, install ImmersiveEngineering support
[20:23:29] [ForkJoinPool.commonPool-worker-0/DEBUG] [NotEnoughItems]: Loaded vazkii.botania.client.integration.nei.NEIBotaniaConfig
[20:23:29] [ForkJoinPool.commonPool-worker-5/INFO] [NotEnoughEnergistics]: Found Mekanism, install Mekanism support
[20:23:29] [ForkJoinPool.commonPool-worker-5/INFO] [NotEnoughEnergistics]: -----Not Enough Energistics Init  Finished-----
[20:23:29] [ForkJoinPool.commonPool-worker-0/INFO] [Forestry]: Loading: Forestry NEI Integration
[20:23:29] [ForkJoinPool.commonPool-worker-5/INFO] [NotEnoughEnergistics]: NEIController replaced success
[20:23:29] [ForkJoinPool.commonPool-worker-4/INFO] [NEIAddons|Forestry]: Loaded TB comb item: magicbees.item.ItemComb@4a51fe3c
[20:23:30] [ForkJoinPool.commonPool-worker-4/INFO] [NEIAddons|Forestry]: Loaded Magic Bees comb item: magicbees.item.ItemComb@4a51fe3c (magicbees.item.ItemComb@4a51fe3c)
[20:23:30] [ForkJoinPool.commonPool-worker-0/DEBUG] [NotEnoughItems]: Loaded forestry.core.recipes.nei.NEIIntegrationConfig
[20:23:30] [ForkJoinPool.commonPool-worker-0/DEBUG] [NotEnoughItems]: Loaded cpw.mods.ironchest.plugins.nei.NEIConfig
[20:23:30] [ForkJoinPool.commonPool-worker-0/DEBUG] [NotEnoughItems]: Loaded neresources.nei.NEIConfig
[20:23:30] [ForkJoinPool.commonPool-worker-5/INFO] [NotEnoughEnergistics]: Install ThaumicEnergistics support
[20:23:30] [ForkJoinPool.commonPool-worker-5/DEBUG] [NotEnoughItems]: Loaded com.github.vfyjxf.nee.NEINeeConfig
[20:23:30] [ForkJoinPool.commonPool-worker-5/INFO] [PowerConverters]: NEI Has called us to init.
[20:23:30] [ForkJoinPool.commonPool-worker-5/DEBUG] [NotEnoughItems]: Loaded covers1624.powerconverters.nei.NEIInfoHandlerConfig
[20:23:30] [ForkJoinPool.commonPool-worker-3/DEBUG] [NotEnoughItems]: Loaded mekanism.client.nei.NEIMekanismConfig
[20:23:30] [ForkJoinPool.commonPool-worker-3/DEBUG] [NotEnoughItems]: Loaded NEILootbags.nei.NEIConfig
[20:23:30] [ForkJoinPool.commonPool-worker-5/DEBUG] [NotEnoughItems]: Loaded team.chisel.compat.nei.NEIChiselConfig
[20:23:30] [ForkJoinPool.commonPool-worker-5/DEBUG] [mixin]: Mixing thaumcraftneiplugin.AspectRecipeHandlerMixin from mixins.tcneiadditions.late.json into com.djgiannuzz.thaumcraftneiplugin.nei.recipehandler.AspectRecipeHandler
[20:23:30] [ForkJoinPool.commonPool-worker-5/TRACE] [mixin]: Added class metadata for codechicken/nei/recipe/TemplateRecipeHandler to metadata cache
[20:23:30] [ForkJoinPool.commonPool-worker-5/TRACE] [mixin]: Added class metadata for codechicken/nei/recipe/IUsageHandler to metadata cache
[20:23:30] [ForkJoinPool.commonPool-worker-5/TRACE] [mixin]: Added class metadata for codechicken/nei/recipe/IRecipeHandler to metadata cache
[20:23:30] [ForkJoinPool.commonPool-worker-5/TRACE] [mixin]: Added class metadata for codechicken/nei/recipe/ICraftingHandler to metadata cache
[20:23:30] [ForkJoinPool.commonPool-worker-5/DEBUG] [mixin]: Mixing thaumcraftneiplugin.ArcaneShapedRecipeHandlerMixin from mixins.tcneiadditions.late.json into com.djgiannuzz.thaumcraftneiplugin.nei.recipehandler.ArcaneShapedRecipeHandler
[20:23:30] [ForkJoinPool.commonPool-worker-5/TRACE] [mixin]: Added class metadata for codechicken/nei/recipe/ShapedRecipeHandler to metadata cache
[20:23:30] [ForkJoinPool.commonPool-worker-5/DEBUG] [mixin]: Mixing thaumcraftneiplugin.ArcaneShapelessRecipeHandlerMixin from mixins.tcneiadditions.late.json into com.djgiannuzz.thaumcraftneiplugin.nei.recipehandler.ArcaneShapelessRecipeHandler
[20:23:30] [ForkJoinPool.commonPool-worker-5/TRACE] [mixin]: Added class metadata for codechicken/nei/recipe/ShapelessRecipeHandler to metadata cache
[20:23:30] [ForkJoinPool.commonPool-worker-5/DEBUG] [mixin]: Mixing thaumcraftneiplugin.CrucibleRecipeHandlerMixin from mixins.tcneiadditions.late.json into com.djgiannuzz.thaumcraftneiplugin.nei.recipehandler.CrucibleRecipeHandler
[20:23:30] [ForkJoinPool.commonPool-worker-5/DEBUG] [mixin]: Mixing thaumcraftneiplugin.InfusionRecipeHandlerMixin from mixins.tcneiadditions.late.json into com.djgiannuzz.thaumcraftneiplugin.nei.recipehandler.InfusionRecipeHandler
[20:23:30] [ForkJoinPool.commonPool-worker-4/DEBUG] [NotEnoughItems]: Loaded net.bdew.neiaddons.NEIAddonsConfig
[20:23:30] [ForkJoinPool.commonPool-worker-5/DEBUG] [NotEnoughItems]: Loaded ru.timeconqueror.tcneiadditions.nei.NEIConfig
[20:23:30] [ForkJoinPool.commonPool-worker-5/INFO] [jecalculation]: =====Just Enough Calculation Init Start=====
[20:23:30] [ForkJoinPool.commonPool-worker-5/INFO] [jecalculation]: Forestry detected
[20:23:30] [ForkJoinPool.commonPool-worker-5/INFO] [jecalculation]: ae2 detected
[20:23:30] [ForkJoinPool.commonPool-worker-1/INFO] [extrautils]: Added NEI integration
[20:23:30] [ForkJoinPool.commonPool-worker-1/DEBUG] [NotEnoughItems]: Loaded com.rwtema.extrautils.nei.NEIInfoHandlerConfig
[20:23:30] [ForkJoinPool.commonPool-worker-5/INFO] [jecalculation]: Avaritia detected
[20:23:30] [ForkJoinPool.commonPool-worker-5/INFO] [jecalculation]: EnderIO detected
[20:23:30] [ForkJoinPool.commonPool-worker-5/INFO] [jecalculation]: Thaumcraft detected
[20:23:30] [ForkJoinPool.commonPool-worker-5/INFO] [jecalculation]: =====Just Enough Calculation Init Finish=====
[20:23:30] [ForkJoinPool.commonPool-worker-5/DEBUG] [NotEnoughItems]: Loaded me.towdium.jecalculation.nei.NEICalculatorConfig
